GPU: Tesla T4  sm_75  torch 2.10.0+cu128
GPU verified: a real kernel launched and returned.
r3d_18 weights verified: sha256 b3b3357e... matches official
===== fold 1/5 | 1961/491 clips | actors in BOTH train and val: 24/24  <-- this is the leak =====
    f1/audio: early stop @ 64
    f1/audio: best val acc 80.45
    f1/video: best val acc 82.48
  fold 1 fusion best val acc: 94.70%   (paper fold target ~94-96%)
===== fold 2/5 | 1961/491 clips | actors in BOTH train and val: 24/24  <-- this is the leak =====
    f2/audio: early stop @ 78
    f2/audio: best val acc 81.06
    f2/video: best val acc 93.48
  fold 2 fusion best val acc: 96.74%   (paper fold target ~94-96%)
===== fold 3/5 | 1962/490 clips | actors in BOTH train and val: 24/24  <-- this is the leak =====
    f3/audio: early stop @ 50
    f3/audio: best val acc 84.69
    f3/video: best val acc 79.39
  fold 3 fusion best val acc: 95.71%   (paper fold target ~94-96%)
===== fold 4/5 | 1962/490 clips | actors in BOTH train and val: 24/24  <-- this is the leak =====
    f4/audio: best val acc 79.80
    f4/video: best val acc 70.20
  fold 4 fusion best val acc: 92.45%   (paper fold target ~94-96%)
===== fold 5/5 | 1962/490 clips | actors in BOTH train and val: 24/24  <-- this is the leak =====
    f5/audio: early stop @ 49
    f5/audio: best val acc 82.65
    f5/video: best val acc 65.71
  fold 5 fusion best val acc: 91.63%   (paper fold target ~94-96%)
===== PAPER PROTOCOL + per-clip norm (as published) + StandardScaler =====
         mean    std
model
audio   81.73   1.97
fusion  94.25   2.16
video   78.25  10.88
fusion mean: 94.25%   |   paper reported: 94.29%   |   delta: -0.04
This number is comparable to 94.29% -- same split, same metric, same hyperparameters.
It says the published architecture implemented correctly does better on the published
benchmark. It does NOT say the model reads emotion better: actors still leak across these
folds. For that claim see the actor-independent arm.
/usr/local/lib/python3.12/dist-packages/mistune.py:435: SyntaxWarning: invalid escape sequence '\|'
  cells[i][c] = re.sub('\\\\\|', '|', cell)
/usr/local/lib/python3.12/dist-packages/nbconvert/filters/filter_links.py:36: SyntaxWarning: invalid escape sequence '\_'
  text = re.sub(r'_', '\_', text) # Escape underscores in display text
[NbConvertApp] Converting notebook __script__.ipynb to html
[NbConvertApp] Writing 381093 bytes to __results__.html
